Arguments: 
  /Users/mwilcox/.nvm/versions/node/v6.11.3/bin/node /usr/local/Cellar/yarn/1.2.1/libexec/bin/yarn.js

PATH: 
  /Users/mwilcox/.nvm/versions/node/v6.11.3/bin:/Users/mwilcox/.rvm/gems/ruby-2.2.1/bin:/Users/mwilcox/.rvm/gems/ruby-2.2.1@global/bin:/Users/mwilcox/.rvm/rubies/ruby-2.2.1/bin:/Users/mwilcox/.rbenv/shims:/usr/local/bin:/usr/bin:/bin:/usr/sbin:/sbin:/opt/X11/bin:/Users/mwilcox/.rvm/bin

Yarn version: 
  1.2.1

Node version: 
  6.11.3

Platform: 
  darwin x64

npm manifest: 
  {
    "name": "popup-list",
    "version": "0.9.0",
    "description": "A popup list web component ",
    "main": "src/popup-list.js",
    "repository": "https://github.com/clubajax/popup-list.git",
    "author": "clubajax",
    "license": "MIT",
  	"devDependencies": {
  		"@clubajax/custom-elements-polyfill": "^0.8.3",
  		"babel-preset-latest": "^6.16.0",
  		"babelify": "^7.3.0",
  		"chai": "^4.0.2",
  		"grunt": "^1.0.1",
  		"grunt-browserify": "^5.0.0",
  		"grunt-concurrent": "^2.3.1",
  		"grunt-contrib-watch": "^1.0.0",
  		"grunt-http-server": "^2.0.0",
  		"grunt-sass": "^2.0.0",
  		"mocha": "^3.4.2",
  		"serve-index": "^1.8.0"
  	},
  	"dependencies": {
  		"@clubajax/base-component": "^1.6.7",
  		"@clubajax/dom": "^2.1.6",
  		"@clubajax/on": "^2.1.6",
  		"@clubajax/key-nav": "^1.0.2"
  	},
  }

yarn manifest: 
  No manifest

Lockfile: 
  No lockfile

Trace: 
  SyntaxError: /Users/mwilcox/sites/github/popup-list/package.json: Unexpected token } in JSON at position 767
      at Object.parse (native)
      at /usr/local/Cellar/yarn/1.2.1/libexec/lib/cli.js:770:59
      at next (native)
      at step (/usr/local/Cellar/yarn/1.2.1/libexec/lib/cli.js:92:30)
      at /usr/local/Cellar/yarn/1.2.1/libexec/lib/cli.js:103:13
